2025-04-15T00:04:39.001+02:00  INFO 11340 --- [Eshop] [http-nio-8080-exec-9] o.e.e.advice.GlobalModelAttributeAdvice  : >>> [GlobalModelAttributeAdvice] Vstupuji do addGlobalCurrencyToModel pro request: /
2025-04-15T00:04:39.060+02:00  INFO 11340 --- [Eshop] [http-nio-8080-exec-9] o.e.e.advice.GlobalModelAttributeAdvice  : [GlobalModelAttributeAdvice] Získána měna ze CurrencyService: CZK
2025-04-15T00:04:39.060+02:00  INFO 11340 --- [Eshop] [http-nio-8080-exec-9] o.e.e.advice.GlobalModelAttributeAdvice  : >>> [GlobalModelAttributeAdvice] Opouštím addGlobalCurrencyToModel. Vracím měnu: CZK
2025-04-15T00:04:39.061+02:00  INFO 11340 --- [Eshop] [http-nio-8080-exec-9] o.e.eshop.controller.HomeController      : Accessing home page
2025-04-15T00:04:39.081+02:00  INFO 11340 --- [Eshop] [http-nio-8080-exec-9] o.example.eshop.service.ProductService   : >>> [ProductService] Vstupuji do getAllActiveProducts (List) <<<
2025-04-15T00:04:39.147+02:00  INFO 11340 --- [Eshop] [http-nio-8080-exec-9] o.example.eshop.service.ProductService   : [ProductService] getAllActiveProducts (List): Načteno 3 aktivních produktů.
2025-04-15T00:04:39.148+02:00  INFO 11340 --- [Eshop] [http-nio-8080-exec-9] o.example.eshop.service.ProductService   : >>> [ProductService] Opouštím getAllActiveProducts (List) <<<
2025-04-15T00:04:39.208+02:00 DEBUG 11340 --- [Eshop] [http-nio-8080-exec-9] o.example.eshop.service.CustomerService  : Calculated final price for product ID 1 in CZK: Original=5990.00, Discounted=null, Discount=None
2025-04-15T00:04:39.255+02:00 DEBUG 11340 --- [Eshop] [http-nio-8080-exec-9] o.example.eshop.service.CustomerService  : Calculated final price for product ID 2 in CZK: Original=7490.00, Discounted=null, Discount=None
2025-04-15T00:04:39.280+02:00 DEBUG 11340 --- [Eshop] [http-nio-8080-exec-9] o.e.eshop.controller.HomeController      : Featured products and prices added to model for currency: CZK
2025-04-15T00:04:40.135+02:00  WARN 11340 --- [Eshop] [http-nio-8080-exec-5] .m.m.a.ExceptionHandlerExceptionResolver : Resolved [org.springframework.web.servlet.resource.NoResourceFoundException: No static resource images/konfigurator-preview.jpg.]
2025-04-15T00:04:40.969+02:00  WARN 11340 --- [Eshop] [http-nio-8080-exec-2] .m.m.a.ExceptionHandlerExceptionResolver : Resolved [org.springframework.web.servlet.resource.NoResourceFoundException: No static resource images/realizace/realizace_1_thumb.jpg.]
2025-04-15T00:04:41.000+02:00  WARN 11340 --- [Eshop] [http-nio-8080-exec-10] .m.m.a.ExceptionHandlerExceptionResolver : Resolved [org.springframework.web.servlet.resource.NoResourceFoundException: No static resource images/realizace/realizace_2_thumb.jpg.]
2025-04-15T00:04:41.006+02:00  WARN 11340 --- [Eshop] [http-nio-8080-exec-8] .m.m.a.ExceptionHandlerExceptionResolver : Resolved [org.springframework.web.servlet.resource.NoResourceFoundException: No static resource images/realizace/realizace_3_thumb.jpg.]
2025-04-15T00:04:41.018+02:00  WARN 11340 --- [Eshop] [http-nio-8080-exec-7] .m.m.a.ExceptionHandlerExceptionResolver : Resolved [org.springframework.web.servlet.resource.NoResourceFoundException: No static resource images/realizace/realizace_4_thumb.jpg.]
2025-04-15T00:04:41.021+02:00  WARN 11340 --- [Eshop] [http-nio-8080-exec-3] .m.m.a.ExceptionHandlerExceptionResolver : Resolved [org.springframework.web.servlet.resource.NoResourceFoundException: No static resource images/realizace/realizace_5_thumb.jpg.]
2025-04-15T00:04:41.022+02:00  WARN 11340 --- [Eshop] [http-nio-8080-exec-1] .m.m.a.ExceptionHandlerExceptionResolver : Resolved [org.springframework.web.servlet.resource.NoResourceFoundException: No static resource images/realizace/realizace_8_thumb.jpg.]
2025-04-15T00:04:41.026+02:00  WARN 11340 --- [Eshop] [http-nio-8080-exec-6] .m.m.a.ExceptionHandlerExceptionResolver : Resolved [org.springframework.web.servlet.resource.NoResourceFoundException: No static resource images/realizace/realizace_7_thumb.jpg.]
2025-04-15T00:04:41.030+02:00  WARN 11340 --- [Eshop] [http-nio-8080-exec-9] .m.m.a.ExceptionHandlerExceptionResolver : Resolved [org.springframework.web.servlet.resource.NoResourceFoundException: No static resource images/realizace/realizace_6_thumb.jpg.]
2025-04-15T00:04:41.204+02:00  WARN 11340 --- [Eshop] [http-nio-8080-exec-5] .m.m.a.ExceptionHandlerExceptionResolver : Resolved [org.springframework.web.servlet.resource.NoResourceFoundException: No static resource images/drevnik-klasik-1.jpg.]
2025-04-15T00:04:41.257+02:00  WARN 11340 --- [Eshop] [http-nio-8080-exec-4] .m.m.a.ExceptionHandlerExceptionResolver : Resolved [org.springframework.web.servlet.resource.NoResourceFoundException: No static resource images/drevnik-modern-1.jpg.]
2025-04-15T00:04:41.891+02:00  INFO 11340 --- [Eshop] [http-nio-8080-exec-10] o.e.e.advice.GlobalModelAttributeAdvice  : >>> [GlobalModelAttributeAdvice] Vstupuji do addGlobalCurrencyToModel pro request: /prihlaseni
2025-04-15T00:04:41.892+02:00  INFO 11340 --- [Eshop] [http-nio-8080-exec-10] o.e.e.advice.GlobalModelAttributeAdvice  : [GlobalModelAttributeAdvice] Získána měna ze CurrencyService: CZK
2025-04-15T00:04:41.893+02:00  INFO 11340 --- [Eshop] [http-nio-8080-exec-10] o.e.e.advice.GlobalModelAttributeAdvice  : >>> [GlobalModelAttributeAdvice] Opouštím addGlobalCurrencyToModel. Vracím měnu: CZK
2025-04-15T00:04:41.893+02:00 DEBUG 11340 --- [Eshop] [http-nio-8080-exec-10] o.e.eshop.controller.AuthController      : Displaying login page
